# JRE version: Java(TM) SE Runtime Environment (8.0_202-b08) (build 1.8.0_202-b08)
# Java VM: Java HotSpot(TM) 64-Bit Server VM (25.202-b08 mixed mode windows-amd64 compressed oops)
Heap:
 PSYoungGen      total 68608K, used 16277K [0x00000000ec800000, 0x00000000f3f00000, 0x0000000100000000)
  eden space 61440K, 14% used [0x00000000ec800000,0x00000000ed0e6770,0x00000000f0400000)
  from space 7168K, 99% used [0x00000000f0400000,0x00000000f0afefb0,0x00000000f0b00000)
  to   space 8704K, 0% used [0x00000000f3680000,0x00000000f3680000,0x00000000f3f00000)
 ParOldGen       total 30720K, used 7925K [0x00000000c5800000, 0x00000000c7600000, 0x00000000ec800000)
  object space 30720K, 25% used [0x00000000c5800000,0x00000000c5fbd730,0x00000000c7600000)
 Metaspace       used 28691K, capacity 30240K, committed 30464K, reserved 1075200K
  class space    used 3715K, capacity 4046K, committed 4096K, reserved 1048576K
GC Heap History (10 events):
Event: 1.715 GC heap before
{Heap before GC invocations=4 (full 0):
 PSYoungGen      total 17920K, used 17909K [0x00000000ec800000, 0x00000000eeb00000, 0x0000000100000000)
  eden space 15360K, 100% used [0x00000000ec800000,0x00000000ed700000,0x00000000ed700000)
  from space 2560K, 99% used [0x00000000ed700000,0x00000000ed97d7d0,0x00000000ed980000)
  to   space 2560K, 0% used [0x00000000ee880000,0x00000000ee880000,0x00000000eeb00000)
 ParOldGen       total 40960K, used 6122K [0x00000000c5800000, 0x00000000c8000000, 0x00000000ec800000)
  object space 40960K, 14% used [0x00000000c5800000,0x00000000c5dfaac8,0x00000000c8000000)
 Metaspace       used 17384K, capacity 18370K, committed 18560K, reserved 1064960K
  class space    used 2136K, capacity 2352K, committed 2432K, reserved 1048576K
Event: 1.719 GC heap after
Heap after GC invocations=4 (full 0):
 PSYoungGen      total 33280K, used 2528K [0x00000000ec800000, 0x00000000eeb00000, 0x0000000100000000)
  eden space 30720K, 0% used [0x00000000ec800000,0x00000000ec800000,0x00000000ee600000)
  from space 2560K, 98% used [0x00000000ee880000,0x00000000eeaf8020,0x00000000eeb00000)
  to   space 2560K, 0% used [0x00000000ee600000,0x00000000ee600000,0x00000000ee880000)
 ParOldGen       total 40960K, used 8348K [0x00000000c5800000, 0x00000000c8000000, 0x00000000ec800000)
  object space 40960K, 20% used [0x00000000c5800000,0x00000000c6027238,0x00000000c8000000)
 Metaspace       used 17384K, capacity 18370K, committed 18560K, reserved 1064960K
  class space    used 2136K, capacity 2352K, committed 2432K, reserved 1048576K
}
Event: 2.101 GC heap before
{Heap before GC invocations=5 (full 0):
 PSYoungGen      total 33280K, used 33248K [0x00000000ec800000, 0x00000000eeb00000, 0x0000000100000000)
  eden space 30720K, 100% used [0x00000000ec800000,0x00000000ee600000,0x00000000ee600000)
  from space 2560K, 98% used [0x00000000ee880000,0x00000000eeaf8020,0x00000000eeb00000)
  to   space 2560K, 0% used [0x00000000ee600000,0x00000000ee600000,0x00000000ee880000)
 ParOldGen       total 40960K, used 8348K [0x00000000c5800000, 0x00000000c8000000, 0x00000000ec800000)
  object space 40960K, 20% used [0x00000000c5800000,0x00000000c6027238,0x00000000c8000000)
 Metaspace       used 19752K, capacity 20846K, committed 20864K, reserved 1067008K
  class space    used 2422K, capacity 2671K, committed 2688K, reserved 1048576K
Event: 2.108 GC heap after
Heap after GC invocations=5 (full 0):
 PSYoungGen      total 33280K, used 2533K [0x00000000ec800000, 0x00000000f1200000, 0x0000000100000000)
  eden space 30720K, 0% used [0x00000000ec800000,0x00000000ec800000,0x00000000ee600000)
  from space 2560K, 98% used [0x00000000ee600000,0x00000000ee8797c0,0x00000000ee880000)
  to   space 7168K, 0% used [0x00000000f0b00000,0x00000000f0b00000,0x00000000f1200000)
 ParOldGen       total 40960K, used 12227K [0x00000000c5800000, 0x00000000c8000000, 0x00000000ec800000)
  object space 40960K, 29% used [0x00000000c5800000,0x00000000c63f0c70,0x00000000c8000000)
 Metaspace       used 19752K, capacity 20846K, committed 20864K, reserved 1067008K
  class space    used 2422K, capacity 2671K, committed 2688K, reserved 1048576K
}
Event: 2.133 GC heap before
{Heap before GC invocations=6 (full 0):
 PSYoungGen      total 33280K, used 5600K [0x00000000ec800000, 0x00000000f1200000, 0x0000000100000000)
  eden space 30720K, 9% used [0x00000000ec800000,0x00000000ecafeb58,0x00000000ee600000)
  from space 2560K, 98% used [0x00000000ee600000,0x00000000ee8797c0,0x00000000ee880000)
  to   space 7168K, 0% used [0x00000000f0b00000,0x00000000f0b00000,0x00000000f1200000)
 ParOldGen       total 40960K, used 12227K [0x00000000c5800000, 0x00000000c8000000, 0x00000000ec800000)
  object space 40960K, 29% used [0x00000000c5800000,0x00000000c63f0c70,0x00000000c8000000)
 Metaspace       used 20084K, capacity 21168K, committed 21248K, reserved 1067008K
  class space    used 2476K, capacity 2736K, committed 2816K, reserved 1048576K
Event: 2.136 GC heap after
Heap after GC invocations=6 (full 0):
 PSYoungGen      total 68608K, used 2964K [0x00000000ec800000, 0x00000000f1200000, 0x0000000100000000)
  eden space 61440K, 0% used [0x00000000ec800000,0x00000000ec800000,0x00000000f0400000)
  from space 7168K, 41% used [0x00000000f0b00000,0x00000000f0de50d8,0x00000000f1200000)
  to   space 7168K, 0% used [0x00000000f0400000,0x00000000f0400000,0x00000000f0b00000)
 ParOldGen       total 40960K, used 12227K [0x00000000c5800000, 0x00000000c8000000, 0x00000000ec800000)
  object space 40960K, 29% used [0x00000000c5800000,0x00000000c63f0c70,0x00000000c8000000)
 Metaspace       used 20084K, capacity 21168K, committed 21248K, reserved 1067008K
  class space    used 2476K, capacity 2736K, committed 2816K, reserved 1048576K
}
Event: 2.136 GC heap before
{Heap before GC invocations=7 (full 1):
 PSYoungGen      total 68608K, used 2964K [0x00000000ec800000, 0x00000000f1200000, 0x0000000100000000)
  eden space 61440K, 0% used [0x00000000ec800000,0x00000000ec800000,0x00000000f0400000)
  from space 7168K, 41% used [0x00000000f0b00000,0x00000000f0de50d8,0x00000000f1200000)
  to   space 7168K, 0% used [0x00000000f0400000,0x00000000f0400000,0x00000000f0b00000)
 ParOldGen       total 40960K, used 12227K [0x00000000c5800000, 0x00000000c8000000, 0x00000000ec800000)
  object space 40960K, 29% used [0x00000000c5800000,0x00000000c63f0c70,0x00000000c8000000)
 Metaspace       used 20084K, capacity 21168K, committed 21248K, reserved 1067008K
  class space    used 2476K, capacity 2736K, committed 2816K, reserved 1048576K
Event: 2.165 GC heap after
Heap after GC invocations=7 (full 1):
 PSYoungGen      total 68608K, used 0K [0x00000000ec800000, 0x00000000f1200000, 0x0000000100000000)
  eden space 61440K, 0% used [0x00000000ec800000,0x00000000ec800000,0x00000000f0400000)
  from space 7168K, 0% used [0x00000000f0b00000,0x00000000f0b00000,0x00000000f1200000)
  to   space 7168K, 0% used [0x00000000f0400000,0x00000000f0400000,0x00000000f0b00000)
 ParOldGen       total 30720K, used 6930K [0x00000000c5800000, 0x00000000c7600000, 0x00000000ec800000)
  object space 30720K, 22% used [0x00000000c5800000,0x00000000c5ec4920,0x00000000c7600000)
 Metaspace       used 20084K, capacity 21168K, committed 21248K, reserved 1067008K
  class space    used 2476K, capacity 2736K, committed 2816K, reserved 1048576K
}
Event: 3.496 GC heap before
{Heap before GC invocations=8 (full 1):
 PSYoungGen      total 68608K, used 60800K [0x00000000ec800000, 0x00000000f1200000, 0x0000000100000000)
  eden space 61440K, 98% used [0x00000000ec800000,0x00000000f0360098,0x00000000f0400000)
  from space 7168K, 0% used [0x00000000f0b00000,0x00000000f0b00000,0x00000000f1200000)
  to   space 7168K, 0% used [0x00000000f0400000,0x00000000f0400000,0x00000000f0b00000)
 ParOldGen       total 30720K, used 6930K [0x00000000c5800000, 0x00000000c7600000, 0x00000000ec800000)
  object space 30720K, 22% used [0x00000000c5800000,0x00000000c5ec4920,0x00000000c7600000)
 Metaspace       used 28223K, capacity 29768K, committed 29952K, reserved 1075200K
  class space    used 3632K, capacity 3976K, committed 4096K, reserved 1048576K
Event: 3.504 GC heap after
Heap after GC invocations=8 (full 1):
 PSYoungGen      total 68608K, used 7163K [0x00000000ec800000, 0x00000000f3f00000, 0x0000000100000000)
  eden space 61440K, 0% used [0x00000000ec800000,0x00000000ec800000,0x00000000f0400000)
  from space 7168K, 99% used [0x00000000f0400000,0x00000000f0afefb0,0x00000000f0b00000)
  to   space 8704K, 0% used [0x00000000f3680000,0x00000000f3680000,0x00000000f3f00000)
 ParOldGen       total 30720K, used 7925K [0x00000000c5800000, 0x00000000c7600000, 0x00000000ec800000)
  object space 30720K, 25% used [0x00000000c5800000,0x00000000c5fbd730,0x00000000c7600000)
 Metaspace       used 28223K, capacity 29768K, committed 29952K, reserved 1075200K
  class space    used 3632K, capacity 3976K, committed 4096K, reserved 1048576K
}

