# JRE version: Java(TM) SE Runtime Environment (8.0_202-b08) (build 1.8.0_202-b08)
# Java VM: Java HotSpot(TM) 64-Bit Server VM (25.202-b08 mixed mode windows-amd64 compressed oops)
Heap:
 PSYoungGen      total 105472K, used 68257K [0x00000000ec800000, 0x00000000f3800000, 0x0000000100000000)
  eden space 100352K, 63% used [0x00000000ec800000,0x00000000f0682668,0x00000000f2a00000)
  from space 5120K, 82% used [0x00000000f3300000,0x00000000f3725da8,0x00000000f3800000)
  to   space 7168K, 0% used [0x00000000f2a00000,0x00000000f2a00000,0x00000000f3100000)
 ParOldGen       total 32256K, used 16217K [0x00000000c5800000, 0x00000000c7780000, 0x00000000ec800000)
  object space 32256K, 50% used [0x00000000c5800000,0x00000000c67d6460,0x00000000c7780000)
 Metaspace       used 31709K, capacity 33398K, committed 33792K, reserved 1079296K
  class space    used 4135K, capacity 4495K, committed 4608K, reserved 1048576K
GC Heap History (10 events):
Event: 3.770 GC heap before
{Heap before GC invocations=5 (full 0):
 PSYoungGen      total 33280K, used 33253K [0x00000000ec800000, 0x00000000eeb00000, 0x0000000100000000)
  eden space 30720K, 100% used [0x00000000ec800000,0x00000000ee600000,0x00000000ee600000)
  from space 2560K, 98% used [0x00000000ee880000,0x00000000eeaf97e0,0x00000000eeb00000)
  to   space 2560K, 0% used [0x00000000ee600000,0x00000000ee600000,0x00000000ee880000)
 ParOldGen       total 40960K, used 8330K [0x00000000c5800000, 0x00000000c8000000, 0x00000000ec800000)
  object space 40960K, 20% used [0x00000000c5800000,0x00000000c60229b8,0x00000000c8000000)
 Metaspace       used 19445K, capacity 20570K, committed 20992K, reserved 1067008K
  class space    used 2417K, capacity 2689K, committed 2816K, reserved 1048576K
Event: 3.776 GC heap after
Heap after GC invocations=5 (full 0):
 PSYoungGen      total 33280K, used 2528K [0x00000000ec800000, 0x00000000f1200000, 0x0000000100000000)
  eden space 30720K, 0% used [0x00000000ec800000,0x00000000ec800000,0x00000000ee600000)
  from space 2560K, 98% used [0x00000000ee600000,0x00000000ee878030,0x00000000ee880000)
  to   space 7168K, 0% used [0x00000000f0b00000,0x00000000f0b00000,0x00000000f1200000)
 ParOldGen       total 40960K, used 12093K [0x00000000c5800000, 0x00000000c8000000, 0x00000000ec800000)
  object space 40960K, 29% used [0x00000000c5800000,0x00000000c63cf580,0x00000000c8000000)
 Metaspace       used 19445K, capacity 20570K, committed 20992K, reserved 1067008K
  class space    used 2417K, capacity 2689K, committed 2816K, reserved 1048576K
}
Event: 3.862 GC heap before
{Heap before GC invocations=6 (full 0):
 PSYoungGen      total 33280K, used 8635K [0x00000000ec800000, 0x00000000f1200000, 0x0000000100000000)
  eden space 30720K, 19% used [0x00000000ec800000,0x00000000ecdf6c20,0x00000000ee600000)
  from space 2560K, 98% used [0x00000000ee600000,0x00000000ee878030,0x00000000ee880000)
  to   space 7168K, 0% used [0x00000000f0b00000,0x00000000f0b00000,0x00000000f1200000)
 ParOldGen       total 40960K, used 12093K [0x00000000c5800000, 0x00000000c8000000, 0x00000000ec800000)
  object space 40960K, 29% used [0x00000000c5800000,0x00000000c63cf580,0x00000000c8000000)
 Metaspace       used 20029K, capacity 21100K, committed 21248K, reserved 1067008K
  class space    used 2494K, capacity 2756K, committed 2816K, reserved 1048576K
Event: 3.866 GC heap after
Heap after GC invocations=6 (full 0):
 PSYoungGen      total 68608K, used 3426K [0x00000000ec800000, 0x00000000f1200000, 0x0000000100000000)
  eden space 61440K, 0% used [0x00000000ec800000,0x00000000ec800000,0x00000000f0400000)
  from space 7168K, 47% used [0x00000000f0b00000,0x00000000f0e589d0,0x00000000f1200000)
  to   space 7168K, 0% used [0x00000000f0400000,0x00000000f0400000,0x00000000f0b00000)
 ParOldGen       total 40960K, used 12093K [0x00000000c5800000, 0x00000000c8000000, 0x00000000ec800000)
  object space 40960K, 29% used [0x00000000c5800000,0x00000000c63cf580,0x00000000c8000000)
 Metaspace       used 20029K, capacity 21100K, committed 21248K, reserved 1067008K
  class space    used 2494K, capacity 2756K, committed 2816K, reserved 1048576K
}
Event: 3.866 GC heap before
{Heap before GC invocations=7 (full 1):
 PSYoungGen      total 68608K, used 3426K [0x00000000ec800000, 0x00000000f1200000, 0x0000000100000000)
  eden space 61440K, 0% used [0x00000000ec800000,0x00000000ec800000,0x00000000f0400000)
  from space 7168K, 47% used [0x00000000f0b00000,0x00000000f0e589d0,0x00000000f1200000)
  to   space 7168K, 0% used [0x00000000f0400000,0x00000000f0400000,0x00000000f0b00000)
 ParOldGen       total 40960K, used 12093K [0x00000000c5800000, 0x00000000c8000000, 0x00000000ec800000)
  object space 40960K, 29% used [0x00000000c5800000,0x00000000c63cf580,0x00000000c8000000)
 Metaspace       used 20029K, capacity 21100K, committed 21248K, reserved 1067008K
  class space    used 2494K, capacity 2756K, committed 2816K, reserved 1048576K
Event: 3.896 GC heap after
Heap after GC invocations=7 (full 1):
 PSYoungGen      total 68608K, used 0K [0x00000000ec800000, 0x00000000f1200000, 0x0000000100000000)
  eden space 61440K, 0% used [0x00000000ec800000,0x00000000ec800000,0x00000000f0400000)
  from space 7168K, 0% used [0x00000000f0b00000,0x00000000f0b00000,0x00000000f1200000)
  to   space 7168K, 0% used [0x00000000f0400000,0x00000000f0400000,0x00000000f0b00000)
 ParOldGen       total 32256K, used 7371K [0x00000000c5800000, 0x00000000c7780000, 0x00000000ec800000)
  object space 32256K, 22% used [0x00000000c5800000,0x00000000c5f32f18,0x00000000c7780000)
 Metaspace       used 20029K, capacity 21100K, committed 21248K, reserved 1067008K
  class space    used 2494K, capacity 2756K, committed 2816K, reserved 1048576K
}
Event: 4.991 GC heap before
{Heap before GC invocations=8 (full 1):
 PSYoungGen      total 68608K, used 53399K [0x00000000ec800000, 0x00000000f1200000, 0x0000000100000000)
  eden space 61440K, 86% used [0x00000000ec800000,0x00000000efc25c30,0x00000000f0400000)
  from space 7168K, 0% used [0x00000000f0b00000,0x00000000f0b00000,0x00000000f1200000)
  to   space 7168K, 0% used [0x00000000f0400000,0x00000000f0400000,0x00000000f0b00000)
 ParOldGen       total 32256K, used 7371K [0x00000000c5800000, 0x00000000c7780000, 0x00000000ec800000)
  object space 32256K, 22% used [0x00000000c5800000,0x00000000c5f32f18,0x00000000c7780000)
 Metaspace       used 21021K, capacity 22104K, committed 22400K, reserved 1069056K
  class space    used 2604K, capacity 2832K, committed 2944K, reserved 1048576K
Event: 4.996 GC heap after
Heap after GC invocations=8 (full 1):
 PSYoungGen      total 68608K, used 1809K [0x00000000ec800000, 0x00000000f3a80000, 0x0000000100000000)
  eden space 61440K, 0% used [0x00000000ec800000,0x00000000ec800000,0x00000000f0400000)
  from space 7168K, 25% used [0x00000000f0400000,0x00000000f05c45b8,0x00000000f0b00000)
  to   space 7680K, 0% used [0x00000000f3300000,0x00000000f3300000,0x00000000f3a80000)
 ParOldGen       total 32256K, used 16209K [0x00000000c5800000, 0x00000000c7780000, 0x00000000ec800000)
  object space 32256K, 50% used [0x00000000c5800000,0x00000000c67d4460,0x00000000c7780000)
 Metaspace       used 21021K, capacity 22104K, committed 22400K, reserved 1069056K
  class space    used 2604K, capacity 2832K, committed 2944K, reserved 1048576K
}
Event: 5.403 GC heap before
{Heap before GC invocations=9 (full 1):
 PSYoungGen      total 68608K, used 63249K [0x00000000ec800000, 0x00000000f3a80000, 0x0000000100000000)
  eden space 61440K, 100% used [0x00000000ec800000,0x00000000f0400000,0x00000000f0400000)
  from space 7168K, 25% used [0x00000000f0400000,0x00000000f05c45b8,0x00000000f0b00000)
  to   space 7680K, 0% used [0x00000000f3300000,0x00000000f3300000,0x00000000f3a80000)
 ParOldGen       total 32256K, used 16209K [0x00000000c5800000, 0x00000000c7780000, 0x00000000ec800000)
  object space 32256K, 50% used [0x00000000c5800000,0x00000000c67d4460,0x00000000c7780000)
 Metaspace       used 24422K, capacity 25612K, committed 25984K, reserved 1071104K
  class space    used 3072K, capacity 3354K, committed 3456K, reserved 1048576K
Event: 5.407 GC heap after
Heap after GC invocations=9 (full 1):
 PSYoungGen      total 105472K, used 4247K [0x00000000ec800000, 0x00000000f3800000, 0x0000000100000000)
  eden space 100352K, 0% used [0x00000000ec800000,0x00000000ec800000,0x00000000f2a00000)
  from space 5120K, 82% used [0x00000000f3300000,0x00000000f3725da8,0x00000000f3800000)
  to   space 7168K, 0% used [0x00000000f2a00000,0x00000000f2a00000,0x00000000f3100000)
 ParOldGen       total 32256K, used 16217K [0x00000000c5800000, 0x00000000c7780000, 0x00000000ec800000)
  object space 32256K, 50% used [0x00000000c5800000,0x00000000c67d6460,0x00000000c7780000)
 Metaspace       used 24422K, capacity 25612K, committed 25984K, reserved 1071104K
  class space    used 3072K, capacity 3354K, committed 3456K, reserved 1048576K
}

