# JRE version: Java(TM) SE Runtime Environment (8.0_202-b08) (build 1.8.0_202-b08)
# Java VM: Java HotSpot(TM) 64-Bit Server VM (25.202-b08 mixed mode windows-amd64 compressed oops)
Heap:
 PSYoungGen      total 68608K, used 27551K [0x00000000ec800000, 0x00000000f3e80000, 0x0000000100000000)
  eden space 61440K, 33% used [0x00000000ec800000,0x00000000edbe96d8,0x00000000f0400000)
  from space 7168K, 99% used [0x00000000f0400000,0x00000000f0afe758,0x00000000f0b00000)
  to   space 8704K, 0% used [0x00000000f3600000,0x00000000f3600000,0x00000000f3e80000)
 ParOldGen       total 30720K, used 7949K [0x00000000c5800000, 0x00000000c7600000, 0x00000000ec800000)
  object space 30720K, 25% used [0x00000000c5800000,0x00000000c5fc37e0,0x00000000c7600000)
 Metaspace       used 29967K, capacity 31650K, committed 31744K, reserved 1077248K
  class space    used 3887K, capacity 4259K, committed 4352K, reserved 1048576K
GC Heap History (10 events):
Event: 2.057 GC heap before
{Heap before GC invocations=4 (full 0):
 PSYoungGen      total 17920K, used 17893K [0x00000000ec800000, 0x00000000eeb00000, 0x0000000100000000)
  eden space 15360K, 100% used [0x00000000ec800000,0x00000000ed700000,0x00000000ed700000)
  from space 2560K, 98% used [0x00000000ed700000,0x00000000ed9797c0,0x00000000ed980000)
  to   space 2560K, 0% used [0x00000000ee880000,0x00000000ee880000,0x00000000eeb00000)
 ParOldGen       total 40960K, used 6055K [0x00000000c5800000, 0x00000000c8000000, 0x00000000ec800000)
  object space 40960K, 14% used [0x00000000c5800000,0x00000000c5de9fc8,0x00000000c8000000)
 Metaspace       used 16677K, capacity 17638K, committed 17920K, reserved 1064960K
  class space    used 2057K, capacity 2256K, committed 2304K, reserved 1048576K
Event: 2.066 GC heap after
Heap after GC invocations=4 (full 0):
 PSYoungGen      total 33280K, used 2533K [0x00000000ec800000, 0x00000000eeb00000, 0x0000000100000000)
  eden space 30720K, 0% used [0x00000000ec800000,0x00000000ec800000,0x00000000ee600000)
  from space 2560K, 98% used [0x00000000ee880000,0x00000000eeaf97e0,0x00000000eeb00000)
  to   space 2560K, 0% used [0x00000000ee600000,0x00000000ee600000,0x00000000ee880000)
 ParOldGen       total 40960K, used 8202K [0x00000000c5800000, 0x00000000c8000000, 0x00000000ec800000)
  object space 40960K, 20% used [0x00000000c5800000,0x00000000c6002b50,0x00000000c8000000)
 Metaspace       used 16677K, capacity 17638K, committed 17920K, reserved 1064960K
  class space    used 2057K, capacity 2256K, committed 2304K, reserved 1048576K
}
Event: 2.491 GC heap before
{Heap before GC invocations=5 (full 0):
 PSYoungGen      total 33280K, used 33253K [0x00000000ec800000, 0x00000000eeb00000, 0x0000000100000000)
  eden space 30720K, 100% used [0x00000000ec800000,0x00000000ee600000,0x00000000ee600000)
  from space 2560K, 98% used [0x00000000ee880000,0x00000000eeaf97e0,0x00000000eeb00000)
  to   space 2560K, 0% used [0x00000000ee600000,0x00000000ee600000,0x00000000ee880000)
 ParOldGen       total 40960K, used 8202K [0x00000000c5800000, 0x00000000c8000000, 0x00000000ec800000)
  object space 40960K, 20% used [0x00000000c5800000,0x00000000c6002b50,0x00000000c8000000)
 Metaspace       used 19741K, capacity 20830K, committed 20864K, reserved 1067008K
  class space    used 2414K, capacity 2665K, committed 2688K, reserved 1048576K
Event: 2.497 GC heap after
Heap after GC invocations=5 (full 0):
 PSYoungGen      total 33280K, used 2533K [0x00000000ec800000, 0x00000000f1200000, 0x0000000100000000)
  eden space 30720K, 0% used [0x00000000ec800000,0x00000000ec800000,0x00000000ee600000)
  from space 2560K, 98% used [0x00000000ee600000,0x00000000ee8797e0,0x00000000ee880000)
  to   space 7168K, 0% used [0x00000000f0b00000,0x00000000f0b00000,0x00000000f1200000)
 ParOldGen       total 40960K, used 12075K [0x00000000c5800000, 0x00000000c8000000, 0x00000000ec800000)
  object space 40960K, 29% used [0x00000000c5800000,0x00000000c63cafa0,0x00000000c8000000)
 Metaspace       used 19741K, capacity 20830K, committed 20864K, reserved 1067008K
  class space    used 2414K, capacity 2665K, committed 2688K, reserved 1048576K
}
Event: 2.523 GC heap before
{Heap before GC invocations=6 (full 0):
 PSYoungGen      total 33280K, used 5018K [0x00000000ec800000, 0x00000000f1200000, 0x0000000100000000)
  eden space 30720K, 8% used [0x00000000ec800000,0x00000000eca6d038,0x00000000ee600000)
  from space 2560K, 98% used [0x00000000ee600000,0x00000000ee8797e0,0x00000000ee880000)
  to   space 7168K, 0% used [0x00000000f0b00000,0x00000000f0b00000,0x00000000f1200000)
 ParOldGen       total 40960K, used 12075K [0x00000000c5800000, 0x00000000c8000000, 0x00000000ec800000)
  object space 40960K, 29% used [0x00000000c5800000,0x00000000c63cafa0,0x00000000c8000000)
 Metaspace       used 20028K, capacity 21108K, committed 21248K, reserved 1067008K
  class space    used 2461K, capacity 2736K, committed 2816K, reserved 1048576K
Event: 2.526 GC heap after
Heap after GC invocations=6 (full 0):
 PSYoungGen      total 68608K, used 2919K [0x00000000ec800000, 0x00000000f1200000, 0x0000000100000000)
  eden space 61440K, 0% used [0x00000000ec800000,0x00000000ec800000,0x00000000f0400000)
  from space 7168K, 40% used [0x00000000f0b00000,0x00000000f0dd9df8,0x00000000f1200000)
  to   space 7168K, 0% used [0x00000000f0400000,0x00000000f0400000,0x00000000f0b00000)
 ParOldGen       total 40960K, used 12075K [0x00000000c5800000, 0x00000000c8000000, 0x00000000ec800000)
  object space 40960K, 29% used [0x00000000c5800000,0x00000000c63cafa0,0x00000000c8000000)
 Metaspace       used 20028K, capacity 21108K, committed 21248K, reserved 1067008K
  class space    used 2461K, capacity 2736K, committed 2816K, reserved 1048576K
}
Event: 2.526 GC heap before
{Heap before GC invocations=7 (full 1):
 PSYoungGen      total 68608K, used 2919K [0x00000000ec800000, 0x00000000f1200000, 0x0000000100000000)
  eden space 61440K, 0% used [0x00000000ec800000,0x00000000ec800000,0x00000000f0400000)
  from space 7168K, 40% used [0x00000000f0b00000,0x00000000f0dd9df8,0x00000000f1200000)
  to   space 7168K, 0% used [0x00000000f0400000,0x00000000f0400000,0x00000000f0b00000)
 ParOldGen       total 40960K, used 12075K [0x00000000c5800000, 0x00000000c8000000, 0x00000000ec800000)
  object space 40960K, 29% used [0x00000000c5800000,0x00000000c63cafa0,0x00000000c8000000)
 Metaspace       used 20028K, capacity 21108K, committed 21248K, reserved 1067008K
  class space    used 2461K, capacity 2736K, committed 2816K, reserved 1048576K
Event: 2.556 GC heap after
Heap after GC invocations=7 (full 1):
 PSYoungGen      total 68608K, used 0K [0x00000000ec800000, 0x00000000f1200000, 0x0000000100000000)
  eden space 61440K, 0% used [0x00000000ec800000,0x00000000ec800000,0x00000000f0400000)
  from space 7168K, 0% used [0x00000000f0b00000,0x00000000f0b00000,0x00000000f1200000)
  to   space 7168K, 0% used [0x00000000f0400000,0x00000000f0400000,0x00000000f0b00000)
 ParOldGen       total 30720K, used 6860K [0x00000000c5800000, 0x00000000c7600000, 0x00000000ec800000)
  object space 30720K, 22% used [0x00000000c5800000,0x00000000c5eb3360,0x00000000c7600000)
 Metaspace       used 20028K, capacity 21108K, committed 21248K, reserved 1067008K
  class space    used 2461K, capacity 2736K, committed 2816K, reserved 1048576K
}
Event: 3.946 GC heap before
{Heap before GC invocations=8 (full 1):
 PSYoungGen      total 68608K, used 61440K [0x00000000ec800000, 0x00000000f1200000, 0x0000000100000000)
  eden space 61440K, 100% used [0x00000000ec800000,0x00000000f0400000,0x00000000f0400000)
  from space 7168K, 0% used [0x00000000f0b00000,0x00000000f0b00000,0x00000000f1200000)
  to   space 7168K, 0% used [0x00000000f0400000,0x00000000f0400000,0x00000000f0b00000)
 ParOldGen       total 30720K, used 6860K [0x00000000c5800000, 0x00000000c7600000, 0x00000000ec800000)
  object space 30720K, 22% used [0x00000000c5800000,0x00000000c5eb3360,0x00000000c7600000)
 Metaspace       used 28262K, capacity 29832K, committed 29952K, reserved 1075200K
  class space    used 3631K, capacity 3976K, committed 4096K, reserved 1048576K
Event: 3.952 GC heap after
Heap after GC invocations=8 (full 1):
 PSYoungGen      total 68608K, used 7161K [0x00000000ec800000, 0x00000000f3e80000, 0x0000000100000000)
  eden space 61440K, 0% used [0x00000000ec800000,0x00000000ec800000,0x00000000f0400000)
  from space 7168K, 99% used [0x00000000f0400000,0x00000000f0afe758,0x00000000f0b00000)
  to   space 8704K, 0% used [0x00000000f3600000,0x00000000f3600000,0x00000000f3e80000)
 ParOldGen       total 30720K, used 7949K [0x00000000c5800000, 0x00000000c7600000, 0x00000000ec800000)
  object space 30720K, 25% used [0x00000000c5800000,0x00000000c5fc37e0,0x00000000c7600000)
 Metaspace       used 28262K, capacity 29832K, committed 29952K, reserved 1075200K
  class space    used 3631K, capacity 3976K, committed 4096K, reserved 1048576K
}

